2025-02-07 09:26:56 [http-nio-8080-exec-4] INFO  com.example.jwt.JwtLoggingAspect - Validating JWT: eyJhbGciOi...
2025-02-07 09:26:56 [http-nio-8080-exec-4] INFO  com.example.jwt.JwtLoggingAspect - JWT is valid
2025-02-07 09:29:51 [http-nio-8080-exec-4] INFO  com.example.jwt.JwtLoggingAspect - ### JWT Logging Aspect Initialized ###
2025-02-07 09:29:51 [http-nio-8080-exec-4] INFO  com.example.jwt.JwtLoggingAspect - Validating JWT: eyJhbGciOi...
2025-02-07 09:29:51 [http-nio-8080-exec-4] INFO  com.example.jwt.JwtLoggingAspect - JWT is valid
2025-02-07 09:34:21 [http-nio-8080-exec-6] INFO  com.example.jwt.JwtLoggingAspect - ### JWT Logging Aspect Initialized ###
2025-02-07 09:34:21 [http-nio-8080-exec-6] INFO  com.example.jwt.JwtLoggingAspect - Validating JWT: eyJhbGciOi...
2025-02-07 09:34:21 [http-nio-8080-exec-6] INFO  com.example.jwt.JwtLoggingAspect - JWT is valid
2025-02-07 09:35:35 [http-nio-8080-exec-4] INFO  com.example.jwt.JwtLoggingAspect - ### JWT Logging Aspect Initialized ###
2025-02-07 09:35:35 [http-nio-8080-exec-4] INFO  com.example.jwt.JwtLoggingAspect - Validating JWT: eyJhbGciOi...
2025-02-07 09:35:35 [http-nio-8080-exec-4] INFO  com.example.jwt.JwtLoggingAspect - JWT is valid
2025-02-07 09:49:12 [http-nio-8080-exec-4] INFO  com.example.jwt.JwtLoggingAspect - ### JWT Logging Aspect Initialized ###
2025-02-07 09:49:12 [http-nio-8080-exec-4] INFO  com.example.jwt.JwtLoggingAspect - ### JWT Logging Aspect Initialized ###
2025-02-07 09:49:12 [http-nio-8080-exec-4] INFO  com.example.jwt.JwtLoggingAspect - Validating JWT: eyJhbGciOi...
2025-02-07 09:49:12 [http-nio-8080-exec-4] INFO  com.example.jwt.JwtLoggingAspect - ✅ JWT is valid
2025-02-07 09:51:55 [http-nio-8080-exec-4] INFO  com.example.jwt.JwtLoggingAspect - ### JWT Logging Aspect Initialized ###
2025-02-07 09:51:55 [http-nio-8080-exec-4] INFO  com.example.jwt.JwtLoggingAspect - Validating JWT: eyJhbGciOi...
2025-02-07 09:51:55 [http-nio-8080-exec-4] INFO  com.example.jwt.JwtLoggingAspect - ✅ JWT is valid
2025-02-07 09:59:22 [http-nio-8080-exec-4] INFO  com.example.jwt.JwtLoggingAspect - ### JWT Logging Aspect Initialized ###
2025-02-07 09:59:22 [http-nio-8080-exec-4] INFO  com.example.jwt.JwtLoggingAspect - Validating JWT: eyJhbGciOi...
2025-02-07 09:59:22 [http-nio-8080-exec-4] INFO  com.example.jwt.JwtLoggingAspect - ✅ JWT is valid
2025-02-07 10:04:10 [http-nio-8080-exec-4] INFO  com.example.jwt.JwtLoggingAspect - ### JWT Logging Aspect Initialized ###
2025-02-07 10:04:10 [http-nio-8080-exec-4] INFO  com.example.jwt.JwtLoggingAspect - Validating JWT: eyJhbGciOi...
2025-02-07 10:04:10 [http-nio-8080-exec-4] INFO  com.example.jwt.JwtLoggingAspect - ✅ JWT is valid
2025-02-07 10:14:37 [http-nio-8080-exec-4] INFO  com.example.jwt.JwtLoggingAspect - ### JWT Logging Aspect Initialized ###
2025-02-07 10:14:37 [http-nio-8080-exec-4] INFO  com.example.jwt.JwtLoggingAspect - Validating JWT: eyJhbGciOi...
2025-02-07 10:14:37 [http-nio-8080-exec-4] INFO  com.example.jwt.JwtLoggingAspect - ✅ JWT is valid
2025-02-07 10:28:24 [http-nio-8080-exec-4] INFO  com.example.jwt.JwtLoggingAspect - ### JWT Logging Aspect Initialized ###
2025-02-07 10:28:24 [http-nio-8080-exec-4] INFO  com.example.jwt.JwtLoggingAspect - Validating JWT: eyJhbGciOi...
2025-02-07 10:28:24 [http-nio-8080-exec-4] INFO  com.example.jwt.JwtLoggingAspect - ✅ JWT is valid
2025-02-07 10:33:15 [http-nio-8080-exec-4] INFO  com.example.jwt.JwtLoggingAspect - ### JWT Logging Aspect Initialized ###
2025-02-07 10:33:15 [http-nio-8080-exec-4] INFO  com.example.jwt.JwtLoggingAspect - Validating JWT: eyJhbGciOi...
2025-02-07 10:33:15 [http-nio-8080-exec-4] INFO  com.example.jwt.JwtLoggingAspect - ✅ JWT is valid
2025-02-07 10:40:23 [http-nio-8080-exec-3] INFO  com.example.jwt.JwtLoggingAspect - ### JWT Logging Aspect Initialized ###
2025-02-07 10:40:23 [http-nio-8080-exec-3] INFO  com.example.jwt.JwtLoggingAspect - Validating JWT: eyJhbGciOi...
2025-02-07 10:40:23 [http-nio-8080-exec-3] INFO  com.example.jwt.JwtLoggingAspect - ✅ JWT is valid
2025-02-07 10:40:34 [http-nio-8080-exec-4] ERROR com.example.jwt.JwtFilter - ❌ Invalid JWT Signature: JWT signature does not match locally computed signature. JWT validity cannot be asserted and should not be trusted.
